2026-02-20T15:04:55.261+08:00  INFO 61247 --- [hao-ai-code] [main] com.hao.haoaicode.HaoAiCodeApplication   : Starting HaoAiCodeApplication using Java 21.0.7 with PID 61247 (/Users/hao/Code/hao-ai-code/target/classes started by hao in /Users/hao/Code/hao-ai-code)
2026-02-20T15:04:55.265+08:00  INFO 61247 --- [hao-ai-code] [main] com.hao.haoaicode.HaoAiCodeApplication   : No active profile set, falling back to 1 default profile: "default"
2026-02-20T15:04:55.767+08:00  INFO 61247 --- [hao-ai-code] [main] .s.d.r.c.RepositoryConfigurationDelegate : Multiple Spring Data modules found, entering strict repository configuration mode
2026-02-20T15:04:55.768+08:00  INFO 61247 --- [hao-ai-code] [main] .s.d.r.c.RepositoryConfigurationDelegate : Bootstrapping Spring Data Redis repositories in DEFAULT mode.
2026-02-20T15:04:55.790+08:00  INFO 61247 --- [hao-ai-code] [main] .s.d.r.c.RepositoryConfigurationDelegate : Finished Spring Data repository scanning in 16 ms. Found 0 Redis repository interfaces.
2026-02-20T15:04:56.413+08:00  INFO 61247 --- [hao-ai-code] [main] o.s.b.w.embedded.tomcat.TomcatWebServer  : Tomcat initialized with port 8123 (http)
2026-02-20T15:04:56.424+08:00  INFO 61247 --- [hao-ai-code] [main] o.apache.catalina.core.StandardService   : Starting service [Tomcat]
2026-02-20T15:04:56.424+08:00  INFO 61247 --- [hao-ai-code] [main] o.apache.catalina.core.StandardEngine    : Starting Servlet engine: [Apache Tomcat/10.1.31]
2026-02-20T15:04:56.449+08:00  INFO 61247 --- [hao-ai-code] [main] o.a.c.c.C.[Tomcat].[localhost].[/api]    : Initializing Spring embedded WebApplicationContext
2026-02-20T15:04:56.450+08:00  INFO 61247 --- [hao-ai-code] [main] w.s.c.ServletWebServerApplicationContext : Root WebApplicationContext: initialization completed in 1163 ms
2026-02-20T15:04:56.921+08:00  INFO 61247 --- [hao-ai-code] [main] org.redisson.Version                     : Redisson 3.50.0
2026-02-20T15:04:56.980+08:00  WARN 61247 --- [hao-ai-code] [main] i.n.r.d.DnsServerAddressStreamProviders  : Can not find io.netty.resolver.dns.macos.MacOSDnsServerAddressStreamProvider in the classpath, fallback to system defaults. This may result in incorrect DNS resolutions on MacOS. Check whether you have a dependency on 'io.netty:netty-resolver-dns-native-macos'
2026-02-20T15:04:57.068+08:00  INFO 61247 --- [hao-ai-code] [redisson-netty-1-5] o.redisson.connection.ConnectionsHolder  : 1 connections initialized for localhost/127.0.0.1:6379
2026-02-20T15:04:57.069+08:00  INFO 61247 --- [hao-ai-code] [redisson-netty-1-6] o.redisson.connection.ConnectionsHolder  : 1 connections initialized for localhost/127.0.0.1:6379
2026-02-20T15:04:57.288+08:00  INFO 61247 --- [hao-ai-code] [main] c.hao.haoaicode.config.CosClientConfig   : COS config loaded: secretId=AKID****xgDW, secretIdLen=36, region=ap-beijing, bucket=hao1-1348297834, host=https://hao1-1348297834.cos.ap-beijing.myqcloud.com
2026-02-20T15:04:57.387+08:00  INFO 61247 --- [hao-ai-code] [main] com.hao.haoaicode.ai.tools.ToolManager   : 注册工具: writeFile -> 写入文件
2026-02-20T15:04:57.387+08:00  INFO 61247 --- [hao-ai-code] [main] com.hao.haoaicode.ai.tools.ToolManager   : 工具管理器初始化完成，共注册 1 个工具
2026-02-20T15:04:58.655+08:00  INFO 61247 --- [hao-ai-code] [main] o.s.b.a.e.web.EndpointLinksResolver      : Exposing 4 endpoints beneath base path '/actuator'
2026-02-20T15:04:58.700+08:00  INFO 61247 --- [hao-ai-code] [main] o.s.b.w.embedded.tomcat.TomcatWebServer  : Tomcat started on port 8123 (http) with context path '/api'
2026-02-20T15:04:58.710+08:00  INFO 61247 --- [hao-ai-code] [main] com.hao.haoaicode.HaoAiCodeApplication   : Started HaoAiCodeApplication in 3.658 seconds (process running for 3.974)
